<?xml version="1.0" encoding="UTF-8"?>
<!-- Generated by org.testng.reporters.JUnitXMLReporter -->
<testsuite hostname="Rahul-Dell-PC" ignored="0" name="Command line test" tests="1" failures="1" timestamp="08 Dec 2020 02:20:28 GMT" time="0.123" errors="0">
  <testcase name="testMethod3" time="0.096" classname="com.appium.TestCase_3">
    <failure type="io.appium.java_client.service.local.InvalidNodeJSInstance" message="Node.js is not installed!">
      <![CDATA[io.appium.java_client.service.local.InvalidNodeJSInstance: Node.js is not installed!
at io.appium.java_client.service.local.AppiumServiceBuilder.findDefaultExecutable(AppiumServiceBuilder.java:225)
at org.openqa.selenium.remote.service.DriverService$Builder.build(DriverService.java:355)
at io.appium.java_client.service.local.AppiumDriverLocalService.buildService(AppiumDriverLocalService.java:86)
at io.appium.java_client.service.local.AppiumDriverLocalService.buildDefaultService(AppiumDriverLocalService.java:82)
at com.appium.BaseClass.startServer(BaseClass.java:27)
at com.appium.TestCase_3.testMethod3(TestCase_3.java:26)
Caused by: java.lang.NullPointerException: Unable to find executable for: node.exe
at com.google.common.base.Preconditions.checkNotNull(Preconditions.java:987)
at org.openqa.selenium.os.OsProcess.<init>(OsProcess.java:64)
at org.openqa.selenium.os.CommandLine.<init>(CommandLine.java:38)
at io.appium.java_client.service.local.AppiumServiceBuilder.findDefaultExecutable(AppiumServiceBuilder.java:219)
... 39 more
... Removed 34 stack frames]]>
    </failure>
  </testcase> <!-- testMethod3 -->
</testsuite> <!-- Command line test -->
