<?xml version="1.0" encoding="UTF-8"?>
<testng-results skipped="0" failed="1" ignored="0" total="1" passed="0">
  <reporter-output>
  </reporter-output>
  <suite name="com.appium.TestCase_3" duration-ms="123" started-at="2020-12-08T02:20:28Z" finished-at="2020-12-08T02:20:28Z">
    <groups>
    </groups>
    <test name="Command line test" duration-ms="123" started-at="2020-12-08T02:20:28Z" finished-at="2020-12-08T02:20:28Z">
      <class name="com.appium.TestCase_3">
        <test-method status="FAIL" signature="testMethod3()[pri:0, instance:com.appium.TestCase_3@1593948d]" name="testMethod3" duration-ms="96" started-at="2020-12-08T02:20:28Z" finished-at="2020-12-08T02:20:28Z">
          <exception class="io.appium.java_client.service.local.InvalidNodeJSInstance">
            <message>
              <![CDATA[Node.js is not installed!]]>
            </message>
            <full-stacktrace>
              <![CDATA[io.appium.java_client.service.local.InvalidNodeJSInstance: Node.js is not installed!
at io.appium.java_client.service.local.AppiumServiceBuilder.findDefaultExecutable(AppiumServiceBuilder.java:225)
at org.openqa.selenium.remote.service.DriverService$Builder.build(DriverService.java:355)
at io.appium.java_client.service.local.AppiumDriverLocalService.buildService(AppiumDriverLocalService.java:86)
at io.appium.java_client.service.local.AppiumDriverLocalService.buildDefaultService(AppiumDriverLocalService.java:82)
at com.appium.BaseClass.startServer(BaseClass.java:27)
at com.appium.TestCase_3.testMethod3(TestCase_3.java:26)
at sun.reflect.NativeMethodAccessorImpl.invoke0(Native Method)
at sun.reflect.NativeMethodAccessorImpl.invoke(NativeMethodAccessorImpl.java:62)
at sun.reflect.DelegatingMethodAccessorImpl.invoke(DelegatingMethodAccessorImpl.java:43)
at java.lang.reflect.Method.invoke(Method.java:498)
at org.testng.internal.MethodInvocationHelper.invokeMethod(MethodInvocationHelper.java:124)
at org.testng.internal.Invoker.invokeMethod(Invoker.java:583)
at org.testng.internal.Invoker.invokeTestMethod(Invoker.java:719)
at org.testng.internal.Invoker.invokeTestMethods(Invoker.java:989)
at org.testng.internal.TestMethodWorker.invokeTestMethods(TestMethodWorker.java:125)
at org.testng.internal.TestMethodWorker.run(TestMethodWorker.java:109)
at org.testng.TestRunner.privateRun(TestRunner.java:648)
at org.testng.TestRunner.run(TestRunner.java:505)
at org.testng.SuiteRunner.runTest(SuiteRunner.java:455)
at org.testng.SuiteRunner.runSequentially(SuiteRunner.java:450)
at org.testng.SuiteRunner.privateRun(SuiteRunner.java:415)
at org.testng.SuiteRunner.run(SuiteRunner.java:364)
at org.testng.SuiteRunnerWorker.runSuite(SuiteRunnerWorker.java:52)
at org.testng.SuiteRunnerWorker.run(SuiteRunnerWorker.java:84)
at org.testng.TestNG.runSuitesSequentially(TestNG.java:1208)
at org.testng.TestNG.runSuitesLocally(TestNG.java:1137)
at org.testng.TestNG.runSuites(TestNG.java:1049)
at org.testng.TestNG.run(TestNG.java:1017)
at org.apache.maven.surefire.testng.TestNGExecutor.run(TestNGExecutor.java:77)
at org.apache.maven.surefire.testng.TestNGDirectoryTestSuite.execute(TestNGDirectoryTestSuite.java:110)
at org.apache.maven.surefire.testng.TestNGProvider.invoke(TestNGProvider.java:106)
at sun.reflect.NativeMethodAccessorImpl.invoke0(Native Method)
at sun.reflect.NativeMethodAccessorImpl.invoke(NativeMethodAccessorImpl.java:62)
at sun.reflect.DelegatingMethodAccessorImpl.invoke(DelegatingMethodAccessorImpl.java:43)
at java.lang.reflect.Method.invoke(Method.java:498)
at org.apache.maven.surefire.util.ReflectionUtils.invokeMethodWithArray(ReflectionUtils.java:189)
at org.apache.maven.surefire.booter.ProviderFactory$ProviderProxy.invoke(ProviderFactory.java:165)
at org.apache.maven.surefire.booter.ProviderFactory.invokeProvider(ProviderFactory.java:85)
at org.apache.maven.surefire.booter.ForkedBooter.runSuitesInProcess(ForkedBooter.java:115)
at org.apache.maven.surefire.booter.ForkedBooter.main(ForkedBooter.java:75)
Caused by: java.lang.NullPointerException: Unable to find executable for: node.exe
at com.google.common.base.Preconditions.checkNotNull(Preconditions.java:987)
at org.openqa.selenium.os.OsProcess.<init>(OsProcess.java:64)
at org.openqa.selenium.os.CommandLine.<init>(CommandLine.java:38)
at io.appium.java_client.service.local.AppiumServiceBuilder.findDefaultExecutable(AppiumServiceBuilder.java:219)
... 39 more
]]>
            </full-stacktrace>
          </exception> <!-- io.appium.java_client.service.local.InvalidNodeJSInstance -->
          <reporter-output>
          </reporter-output>
        </test-method> <!-- testMethod3 -->
      </class> <!-- com.appium.TestCase_3 -->
    </test> <!-- Command line test -->
  </suite> <!-- com.appium.TestCase_3 -->
</testng-results>
