<?xml version="1.0" encoding="UTF-8" ?>
<testsuite tests="1" failures="1" name="com.appium.TestCase_3" time="0.1" errors="0" skipped="0">
  <properties>
[...]
</properties>
  <testcase classname="com.appium.TestCase_3" name="testMethod3" time="0.1">
    <failure message="Node.js is not installed!" type="io.appium.java_client.service.local.InvalidNodeJSInstance">io.appium.java_client.service.local.InvalidNodeJSInstance: Node.js is not installed!
	at io.appium.java_client.service.local.AppiumServiceBuilder.findDefaultExecutable(AppiumServiceBuilder.java:225)
	at org.openqa.selenium.remote.service.DriverService$Builder.build(DriverService.java:355)
	at io.appium.java_client.service.local.AppiumDriverLocalService.buildService(AppiumDriverLocalService.java:86)
	at io.appium.java_client.service.local.AppiumDriverLocalService.buildDefaultService(AppiumDriverLocalService.java:82)
	at com.appium.BaseClass.startServer(BaseClass.java:27)
	at com.appium.TestCase_3.testMethod3(TestCase_3.java:26)
Caused by: java.lang.NullPointerException: Unable to find executable for: node.exe
	at com.google.common.base.Preconditions.checkNotNull(Preconditions.java:987)
	at org.openqa.selenium.os.OsProcess.&lt;init&gt;(OsProcess.java:64)
	at org.openqa.selenium.os.CommandLine.&lt;init&gt;(CommandLine.java:38)
	at io.appium.java_client.service.local.AppiumServiceBuilder.findDefaultExecutable(AppiumServiceBuilder.java:219)
	... 39 more
</failure>
    <system-out>Configuring TestNG with: org.apache.maven.surefire.testng.conf.TestNG652Configurator@1e81f4dc
</system-out>
  </testcase>
</testsuite>